make all --print-data-base --no-builtin-variables --no-builtin-rules --question
# GNU Make 3.81
# Copyright (C) 2006  Free Software Foundation, Inc.
# This is free software; see the source for copying conditions.
# There is NO warranty; not even for MERCHANTABILITY or FITNESS FOR A
# PARTICULAR PURPOSE.

# This program built for i386-apple-darwin11.3.0
 
make: brew: Command not found


# Make data base, printed on Fri Aug  5 05:49:21 2022

# Variables

# automatic
<D = $(patsubst %/,%,$(dir $<))
# automatic
?F = $(notdir $?)
# environment
ELECTRON_NO_ATTACH_CONSOLE = 1
# makefile (from `Makefile', line 80)
OBJ = $(SRC:.c=.o)
# makefile (from `Makefile', line 26)
SRC = minishell.c used_functions/minishell_start.c used_functions/ft_strlen.c used_functions/is_validated.c used_functions/ft_strtrim.c used_functions/ft_strcmp.c used_functions/ft_strncmp.c used_functions/ft_atoi.c used_functions/ft_strdup.c used_functions/ft_strjoin_space.c used_functions/ft_strjoin.c used_functions/ft_isalnum.c used_functions/ft_islast.c used_functions/ft_isdigit.c used_functions/ft_substr.c used_functions/ft_strndup.c used_functions/add_back.c parsing/initialize_tokens.c parsing/tokenizing.c parsing/tokenizing_utils_1.c parsing/tokenizing_utils_2.c parsing/check_syntax.c parsing/check_syntax_utils.c parsing/parser.c parsing/parser_utils_1.c parsing/parser_utils_2.c parsing/expander_1.c used_functions/ft_split.c used_functions/ft_itoa.c used_functions/ft_strrchr.c used_functions/execution_other_builtins.c used_functions/execution.c used_functions/rdr_execution.c used_functions/cmd_founded_y_n.c used_functions/for_cmd_founded_y_n.c used_functions/builtins_execution.c used_functions/for_export_1.c used_functions/for_export_2.c used_functions/ft_lstsize.c redirections/output_rdr_std_appnd.c redirections/input_rdr_std_appnd.c builtins/export.c pipes/pipe.c builtins/echo.c used_functions/for_echo.c builtins/cd.c builtins/pwd.c builtins/unset.c builtins/env.c builtins/exit.c interactive_modes/ctrl-D.c interactive_modes/ctrl-C.c interactive_modes/ctrl-slash.c 
# environment
VSCODE_LOG_NATIVE = false
# automatic
?D = $(patsubst %/,%,$(dir $?))
# automatic
@D = $(patsubst %/,%,$(dir $@))
# automatic
@F = $(notdir $@)
# makefile
CURDIR := /Users/hbouqssi/Desktop/minishell
# makefile (from `Makefile', line 13)
BLK = \033[0;30m
# makefile
SHELL = /bin/sh
# makefile (from `Makefile', line 24)
RM = rm -f
# environment
VSCODE_NLS_CONFIG = {"locale":"en-us","availableLanguages":{},"_languagePackSupport":true}
# environment
_ = /usr/bin/make
# makefile (from `Makefile', line 23)
CFLAGS = -Wall -Wextra -Werror -g
# makefile (from `Makefile', line 1)
MAKEFILE_LIST :=  Makefile
# environment
VSCODE_VERBOSE_LOGGING = true
# environment
VSCODE_IPC_HOOK_EXTHOST = /var/folders/zz/zyxvpxvq6csfxvn_n000cdrc0033f3/T/vscode-ipc-cd8a030c-e67f-4dd8-b681-9c67a453cfbe.sock
# environment
VSCODE_CWD = /Users/hbouqssi/Desktop/minishell
# environment
PATH = /Users/hbouqssi/goinfre/homebrew/bin:/Users/hbouqssi/scripts:/Users/hbouqssi/goinfre/.brew/bin:/Users/hbouqssi/.brew/bin:/usr/local/bin:/usr/bin:/bin:/usr/sbin:/sbin:/usr/local/munki
# environment
LSCOLORS = Gxfxcxdxbxegedabagacad
# environment
VSCODE_LOG_STACK = false
# environment
ELECTRON_RUN_AS_NODE = 1
# makefile (from `Makefile', line 18)
MAG = \033[0;35m
# default
.FEATURES := target-specific order-only second-expansion else-if archives jobserver check-symlink
# makefile (from `Makefile', line 15)
GRN = \033[0;32m
# environment
SSH_AUTH_SOCK = /private/tmp/com.apple.launchd.ewIKABYorq/Listeners
# automatic
%F = $(notdir $%)
# environment
VSCODE_PIPE_LOGGING = true
# environment
PWD = /Users/hbouqssi/Desktop/minishell
# environment
ORIGINAL_XDG_CURRENT_DESKTOP = undefined
# makefile (from `Makefile', line 17)
BLU = \033[0;31m
# environment
VSCODE_AMD_ENTRYPOINT = vs/workbench/api/node/extensionHostProcess
# environment
HOME = /Users/hbouqssi
# default
MAKEFILEPATH = $(shell /usr/bin/xcode-select -print-path 2>/dev/null || echo /Developer)/Makefiles
# environment
VSCODE_CLI = 1
# environment
VSCODE_CODE_CACHE_PATH = /Users/hbouqssi/Library/Application Support/Code/CachedData/57fd6d0195bb9b9d1b49f6da5db789060795de47
# environment
LOGNAME = hbouqssi
# environment
APPLICATION_INSIGHTS_NO_DIAGNOSTIC_CHANNEL = 1
# environment
ZSH = /Users/hbouqssi/.oh-my-zsh
# environment
VSCODE_HANDLES_UNCAUGHT_ERRORS = true
# automatic
^D = $(patsubst %/,%,$(dir $^))
# environment
XPC_FLAGS = 0x0
# environment
COLORTERM = truecolor
# default
MAKE = $(MAKE_COMMAND)
# environment
LC_TERMINAL = iTerm2
# environment
SHLVL = 3
# makefile (from `Makefile', line 19)
CYN = \033[0;36m
# makefile (from `Makefile', line 22)
CC = cc 
# default
MAKE_VERSION := 3.81
# environment
USER = hbouqssi
# makefile
.DEFAULT_GOAL := minishell
# default
MAKECMDGOALS := all
# environment
TERM_SESSION_ID = w0t0p0:9E515363-FDD4-499A-BDB7-2A0E7D27857D
# makefile (from `Makefile', line 21)
NAME = minishell
# environment
LESS = -R
# automatic
%D = $(patsubst %/,%,$(dir $%))
# default
MAKE_COMMAND := /Library/Developer/CommandLineTools/usr/bin/make
# environment
TERM_PROGRAM = iTerm.app
# default
.VARIABLES := 
# environment
TMPDIR = /var/folders/zz/zyxvpxvq6csfxvn_n000cdrc0033f3/T/
# automatic
*F = $(notdir $*)
# environment
VSCODE_IPC_HOOK = /Users/hbouqssi/Library/Application Support/Code/1.67.0-main.sock
# makefile (from `Makefile', line 14)
RED = \033[0;31m
# makefile
MAKEFLAGS = Rrqp
# environment
MFLAGS = -Rrqp
# automatic
*D = $(patsubst %/,%,$(dir $*))
# environment
TERM_PROGRAM_VERSION = 3.4.13
# environment
XPC_SERVICE_NAME = 0
# environment
LC_TERMINAL_VERSION = 3.4.13
# automatic
+D = $(patsubst %/,%,$(dir $+))
# automatic
+F = $(notdir $+)
# environment
ITERM_SESSION_ID = w0t0p0:9E515363-FDD4-499A-BDB7-2A0E7D27857D
# environment
COLORFGBG = 7;0
# environment
__CF_USER_TEXT_ENCODING = 0x18DC3:0x0:0x0
# default
MAKEFILES := 
# environment
HOMEBREW_NO_AUTO_UPDATE = 1
# automatic
<F = $(notdir $<)
# environment
ITERM_PROFILE = Default
# environment
PAGER = less
# environment
LC_ALL = C
# makefile (from `Makefile', line 16)
YEL = \033[0;33m
# automatic
^F = $(notdir $^)
# default
SUFFIXES := 
# default
.INCLUDE_DIRS = /usr/local/include
# environment
MAKELEVEL := 0
# makefile (from `Makefile', line 20)
WHT = \033[0;37m
# environment
LANG = C
# environment
TERM = xterm-256color
# environment
VSCODE_PID = 11303
# variable set hash-table stats:
# Load=91/1024=9%, Rehash=0, Collisions=6/125=5%

# Pattern-specific Variable Values

# No pattern-specific variable values.

# Directories

# . (device 16777225, inode 1242323): 16 files, no impossibilities.

# 16 files, no impossibilities in 1 directories.

# Implicit Rules

%.o: %.c minishell.h
#  commands to execute (from `Makefile', line 83):
	@$(CC) $(CFLAGS) -I $(shell brew --prefix readline)/include -c $< -o $@
	

# 1 implicit rules, 0 (0.0%) terminal.

# Files

# Not a target:
used_functions/for_export_1.o:
#  Implicit rule search has not been done.
#  Modification time never checked.
#  File has not been updated.

# Not a target:
used_functions/ft_strcmp.o:
#  Implicit rule search has not been done.
#  Modification time never checked.
#  File has not been updated.

# Not a target:
used_functions/ft_strndup.o:
#  Implicit rule search has not been done.
#  Modification time never checked.
#  File has not been updated.

# Not a target:
used_functions/ft_strncmp.o:
#  Implicit rule search has not been done.
#  Modification time never checked.
#  File has not been updated.

# Not a target:
used_functions/add_back.o:
#  Implicit rule search has not been done.
#  Modification time never checked.
#  File has not been updated.

# Not a target:
parsing/check_syntax_utils.o:
#  Implicit rule search has not been done.
#  Modification time never checked.
#  File has not been updated.

# Not a target:
used_functions/ft_isalnum.o:
#  Implicit rule search has not been done.
#  Modification time never checked.
#  File has not been updated.

all: minishell
#  Command-line target.
#  Implicit rule search has been done.
#  File does not exist.
#  File has been updated.
#  Needs to be updated (-q is set).
# variable set hash-table stats:
# Load=0/32=0%, Rehash=0, Collisions=0/6=0%

# Not a target:
builtins/pwd.o:
#  Implicit rule search has not been done.
#  Modification time never checked.
#  File has not been updated.

# Not a target:
used_functions/ft_strdup.o:
#  Implicit rule search has not been done.
#  Modification time never checked.
#  File has not been updated.

# Not a target:
builtins/cd.o:
 
#  Implicit rule search has not been done.
#  Modification time never checked.
#  File has not been updated.

# Not a target:
pipes/pipe.o:
#  Implicit rule search has not been done.
#  Modification time never checked.
#  File has not been updated.

# Not a target:
redirections/output_rdr_std_appnd.o:
#  Implicit rule search has not been done.
#  Modification time never checked.
#  File has not been updated.

# Not a target:
parsing/parser_utils_1.o:
#  Implicit rule search has not been done.
#  Modification time never checked.
#  File has not been updated.

# Not a target:
used_functions/ft_islast.o:
#  Implicit rule search has not been done.
#  Modification time never checked.
#  File has not been updated.

# Not a target:
interactive_modes/ctrl-D.o:
#  Implicit rule search has not been done.
#  Modification time never checked.
#  File has not been updated.

# Not a target:
builtins/echo.o:
#  Implicit rule search has not been done.
#  Modification time never checked.
#  File has not been updated.

# Not a target:
.SUFFIXES:
#  Implicit rule search has not been done.
#  Modification time never checked.
#  File has not been updated.

# Not a target:
builtins/export.o:
#  Implicit rule search has not been done.
#  Modification time never checked.
#  File has not been updated.

# Not a target:
Makefile:
#  Implicit rule search has been done.
#  Last modified 2022-08-05 05:49:08
#  File has been updated.
#  Successfully updated.
# variable set hash-table stats:
# Load=0/32=0%, Rehash=0, Collisions=0/0=0%

# Not a target:
used_functions/ft_atoi.o:
#  Implicit rule search has not been done.
#  Modification time never checked.
#  File has not been updated.

# Not a target:
parsing/expander_1.o:
#  Implicit rule search has not been done.
#  Modification time never checked.
#  File has not been updated.

# Not a target:
used_functions/ft_strtrim.o:
#  Implicit rule search has not been done.
#  Modification time never checked.
#  File has not been updated.

# Not a target:
redirections/input_rdr_std_appnd.o:
#  Implicit rule search has not been done.
#  Modification time never checked.
#  File has not been updated.

# Not a target:
parsing/parser.o:
#  Implicit rule search has not been done.
#  Modification time never checked.
#  File has not been updated.

# Not a target:
parsing/parser_utils_2.o:
#  Implicit rule search has not been done.
#  Modification time never checked.
#  File has not been updated.

minishell: minishell.o used_functions/minishell_start.o used_functions/ft_strlen.o used_functions/is_validated.o used_functions/ft_strtrim.o used_functions/ft_strcmp.o used_functions/ft_strncmp.o used_functions/ft_atoi.o used_functions/ft_strdup.o used_functions/ft_strjoin_space.o used_functions/ft_strjoin.o used_functions/ft_isalnum.o used_functions/ft_islast.o used_functions/ft_isdigit.o used_functions/ft_substr.o used_functions/ft_strndup.o used_functions/add_back.o parsing/initialize_tokens.o parsing/tokenizing.o parsing/tokenizing_utils_1.o parsing/tokenizing_utils_2.o parsing/check_syntax.o parsing/check_syntax_utils.o parsing/parser.o parsing/parser_utils_1.o parsing/parser_utils_2.o parsing/expander_1.o used_functions/ft_split.o used_functions/ft_itoa.o used_functions/ft_strrchr.o used_functions/execution_other_builtins.o used_functions/execution.o used_functions/rdr_execution.o used_functions/cmd_founded_y_n.o used_functions/for_cmd_founded_y_n.o used_functions/builtins_execution.o used_functions/for_export_1.o used_functions/for_export_2.o used_functions/ft_lstsize.o redirections/output_rdr_std_appnd.o redirections/input_rdr_std_appnd.o builtins/export.o pipes/pipe.o builtins/echo.o used_functions/for_echo.o builtins/cd.o builtins/pwd.o builtins/unset.o builtins/env.o builtins/exit.o interactive_modes/ctrl-D.o interactive_modes/ctrl-C.o interactive_modes/ctrl-slash.o
#  Implicit rule search has not been done.
#  File does not exist.
#  File has been updated.
#  Needs to be updated (-q is set).
# variable set hash-table stats:
# Load=0/32=0%, Rehash=0, Collisions=0/6=0%
#  commands to execute (from `Makefile', line 86):
	@$(CC) $(OBJ) -L $(shell brew --prefix readline)/lib -lreadline -o $(NAME)
	@echo "${YEL}Done!"
	

minishell.o: minishell.c minishell.h
#  Implicit rule search has been done.
#  Implicit/static pattern stem: `minishell'
#  File does not exist.
#  File has been updated.
#  Needs to be updated (-q is set).
# automatic
# @ := minishell.o
# automatic
# % := 
# automatic
# * := minishell
# automatic
# + := minishell.c minishell.h
# automatic
# | := 
# automatic
# < := minishell.c
# automatic
# ^ := minishell.c minishell.h
# automatic
# ? := minishell.c minishell.h
# variable set hash-table stats:
# Load=8/32=25%, Rehash=0, Collisions=1/16=6%
#  commands to execute (from `Makefile', line 83):
	@$(CC) $(CFLAGS) -I $(shell brew --prefix readline)/include -c $< -o $@
	

# Not a target:
parsing/check_syntax.o:
#  Implicit rule search has not been done.
#  Modification time never checked.
#  File has not been updated.

# Not a target:
used_functions/for_echo.o:
#  Implicit rule search has not been done.
#  Modification time never checked.
#  File has not been updated.

# Not a target:
used_functions/ft_itoa.o:
#  Implicit rule search has not been done.
#  Modification time never checked.
#  File has not been updated.

fclean: clean
#  Implicit rule search has not been done.
#  Modification time never checked.
#  File has not been updated.
#  commands to execute (from `Makefile', line 96):
	@$(RM) $(NAME)
	

# Not a target:
used_functions/ft_strlen.o:
#  Implicit rule search has not been done.
#  Modification time never checked.
#  File has not been updated.

# Not a target:
used_functions/ft_isdigit.o:
#  Implicit rule search has not been done.
#  Modification time never checked.
#  File has not been updated.

# Not a target:
parsing/tokenizing_utils_1.o:
#  Implicit rule search has not been done.
#  Modification time never checked.
#  File has not been updated.

# Not a target:
used_functions/ft_strjoin_space.o:
#  Implicit rule search has not been done.
#  Modification time never checked.
#  File has not been updated.

# Not a target:
used_functions/builtins_execution.o:
#  Implicit rule search has not been done.
#  Modification time never checked.
#  File has not been updated.

# Not a target:
builtins/env.o:
#  Implicit rule search has not been done.
#  Modification time never checked.
#  File has not been updated.

# Not a target:
builtins/exit.o:
#  Implicit rule search has not been done.
#  Modification time never checked.
#  File has not been updated.

# Not a target:
.DEFAULT:
#  Implicit rule search has not been done.
#  Modification time never checked.
#  File has not been updated.

# Not a target:
used_functions/ft_strrchr.o:
#  Implicit rule search has not been done.
#  Modification time never checked.
#  File has not been updated.

# Not a target:
used_functions/ft_strjoin.o:
#  Implicit rule search has not been done.
#  Modification time never checked.
#  File has not been updated.

# Not a target:
used_functions/ft_split.o:
#  Implicit rule search has not been done.
#  Modification time never checked.
#  File has not been updated.

# Not a target:
used_functions/rdr_execution.o:
#  Implicit rule search has not been done.
#  Modification time never checked.
#  File has not been updated.

# Not a target:
used_functions/execution_other_builtins.o:
#  Implicit rule search has not been done.
#  Modification time never checked.
#  File has not been updated.

# Not a target:
used_functions/is_validated.o:
#  Implicit rule search has not been done.
#  Modification time never checked.
#  File has not been updated.

re: fclean all
#  Implicit rule search has not been done.
#  Modification time never checked.
#  File has not been updated.

# Not a target:
parsing/tokenizing.o:
#  Implicit rule search has not been done.
#  Modification time never checked.
#  File has not been updated.

clean:
#  Implicit rule search has not been done.
#  Modification time never checked.
#  File has not been updated.
#  commands to execute (from `Makefile', line 92):
	@$(RM) $(OBJ)
	@echo "${RED}Done!"
	

# Not a target:
 
parsing/tokenizing_utils_2.o:
#  Implicit rule search has not been done.
#  Modification time never checked.
#  File has not been updated.

# Not a target:
parsing/initialize_tokens.o:
#  Implicit rule search has not been done.
#  Modification time never checked.
#  File has not been updated.

# Not a target:
interactive_modes/ctrl-slash.o:
#  Implicit rule search has not been done.
#  Modification time never checked.
#  File has not been updated.

# Not a target:
builtins/unset.o:
#  Implicit rule search has not been done.
#  Modification time never checked.
#  File has not been updated.

# Not a target:
used_functions/for_cmd_founded_y_n.o:
#  Implicit rule search has not been done.
#  Modification time never checked.
#  File has not been updated.

# Not a target:
used_functions/execution.o:
#  Implicit rule search has not been done.
#  Modification time never checked.
#  File has not been updated.

# Not a target:
minishell.c:
#  Implicit rule search has been done.
#  Last modified 2022-08-05 05:47:04
#  File has been updated.
#  Successfully updated.
# variable set hash-table stats:
# Load=0/32=0%, Rehash=0, Collisions=0/0=0%

# Not a target:
used_functions/minishell_start.o:
#  Implicit rule search has not been done.
#  Modification time never checked.
#  File has not been updated.

# Not a target:
used_functions/for_export_2.o:
#  Implicit rule search has not been done.
#  Modification time never checked.
#  File has not been updated.

# Not a target:
minishell.h:
#  Implicit rule search has been done.
#  Last modified 2022-08-05 05:48:51
#  File has been updated.
#  Successfully updated.
# variable set hash-table stats:
# Load=0/32=0%, Rehash=0, Collisions=0/0=0%

# Not a target:
used_functions/ft_substr.o:
#  Implicit rule search has not been done.
#  Modification time never checked.
#  File has not been updated.

# Not a target:
used_functions/ft_lstsize.o:
#  Implicit rule search has not been done.
#  Modification time never checked.
#  File has not been updated.

# Not a target:
used_functions/cmd_founded_y_n.o:
#  Implicit rule search has not been done.
#  Modification time never checked.
#  File has not been updated.

# Not a target:
interactive_modes/ctrl-C.o:
#  Implicit rule search has not been done.
#  Modification time never checked.
#  File has not been updated.

# files hash-table stats:
# Load=63/1024=6%, Rehash=0, Collisions=7/138=5%
# VPATH Search Paths

# No `vpath' search paths.

# No general (`VPATH' variable) search path.

# # of strings in strcache: 1
# # of strcache buffers: 1
# strcache size: total = 4096 / max = 4096 / min = 4096 / avg = 4096
# strcache free: total = 4087 / max = 4087 / min = 4087 / avg = 4087

# Finished Make data base on Fri Aug  5 05:49:21 2022

 
